#
# There is insufficient memory for the Java Runtime Environment to continue.
# Native memory allocation (mmap) failed to map 986513408 bytes for committing reserved memory.
# Possible reasons:
#   The system is out of physical RAM or swap space
#   In 32 bit mode, the process size limit was hit
# Possible solutions:
#   Reduce memory load on the system
#   Increase physical memory or swap space
#   Check if swap backing store is full
#   Use 64 bit Java on a 64 bit OS
#   Decrease Java heap size (-Xmx/-Xms)
#   Decrease number of Java threads
#   Decrease Java thread stack sizes (-Xss)
#   Set larger code cache with -XX:ReservedCodeCacheSize=
# This output file may be truncated or incomplete.
#
#  Out of Memory Error (os_linux.cpp:2657), pid=11754, tid=0x00007f1573cf8700
#
# JRE version:  (8.0_181-b13) (build )
# Java VM: OpenJDK 64-Bit Server VM (25.181-b13 mixed mode linux-amd64 compressed oops)
# Failed to write core dump. Core dumps have been disabled. To enable core dumping, try "ulimit -c unlimited" before starting Java again
#

---------------  T H R E A D  ---------------

Current thread (0x00007f156c04d000):  JavaThread "Unknown thread" [_thread_in_vm, id=11767, stack(0x00007f1573bf9000,0x00007f1573cf9000)]

Stack: [0x00007f1573bf9000,0x00007f1573cf9000],  sp=0x00007f1573cf74d0,  free space=1017k
Native frames: (J=compiled Java code, j=interpreted, Vv=VM code, C=native code)
V  [libjvm.so+0xacf34d]
V  [libjvm.so+0x4fdeca]
V  [libjvm.so+0x8c1838]
V  [libjvm.so+0x8bbd4e]
V  [libjvm.so+0xacc0f4]
V  [libjvm.so+0x5eda0c]
V  [libjvm.so+0x4e3d5a]
V  [libjvm.so+0x5ee771]
V  [libjvm.so+0x5df698]
V  [libjvm.so+0xa98879]
V  [libjvm.so+0xa98b12]
V  [libjvm.so+0x62f885]
V  [libjvm.so+0xa7b83e]
V  [libjvm.so+0x6a9065]  JNI_CreateJavaVM+0x65
C  [libjli.so+0x2ff7]
C  [libpthread.so.0+0x7dd5]  start_thread+0xc5


---------------  P R O C E S S  ---------------

Java Threads: ( => current thread )

Other Threads:

=>0x00007f156c04d000 (exited) JavaThread "Unknown thread" [_thread_in_vm, id=11767, stack(0x00007f1573bf9000,0x00007f1573cf9000)]

VM state:not at safepoint (not fully initialized)

VM Mutex/Monitor currently owned by a thread: None

GC Heap History (0 events):
No events

Deoptimization events (0 events):
No events

Classes redefined (0 events):
No events

Internal exceptions (0 events):
No events

Events (0 events):
No events


Dynamic libraries:
00400000-00401000 r-xp 00000000 ca:02 79701909                           /usr/lib/jvm/java-1.8.0-openjdk-1.8.0.181-3.b13.el7_5.x86_64/jre/bin/java
00600000-00601000 r--p 00000000 ca:02 79701909                           /usr/lib/jvm/java-1.8.0-openjdk-1.8.0.181-3.b13.el7_5.x86_64/jre/bin/java
00601000-00602000 rw-p 00001000 ca:02 79701909                           /usr/lib/jvm/java-1.8.0-openjdk-1.8.0.181-3.b13.el7_5.x86_64/jre/bin/java
00f33000-00f54000 rw-p 00000000 00:00 0                                  [heap]
c0000000-c5330000 rw-p 00000000 00:00 0 
7f155d000000-7f155d270000 rwxp 00000000 00:00 0 
7f155d270000-7f156c000000 ---p 00000000 00:00 0 
7f156c000000-7f156c074000 rw-p 00000000 00:00 0 
7f156c074000-7f1570000000 ---p 00000000 00:00 0 
7f157049f000-7f15705ca000 rw-p 00000000 00:00 0 
7f15705ca000-7f15707a0000 ---p 00000000 00:00 0 
7f15707a0000-7f15707a1000 rw-p 00000000 00:00 0 
7f15707a1000-7f15707a2000 ---p 00000000 00:00 0 
7f15707a2000-7f15708ac000 rw-p 00000000 00:00 0 
7f15708ac000-7f1570c62000 ---p 00000000 00:00 0 
7f1570c62000-7f1570c6a000 r-xp 00000000 ca:02 4220725                    /usr/lib/jvm/java-1.8.0-openjdk-1.8.0.181-3.b13.el7_5.x86_64/jre/lib/amd64/libzip.so
7f1570c6a000-7f1570e69000 ---p 00008000 ca:02 4220725                    /usr/lib/jvm/java-1.8.0-openjdk-1.8.0.181-3.b13.el7_5.x86_64/jre/lib/amd64/libzip.so
7f1570e69000-7f1570e6a000 r--p 00007000 ca:02 4220725                    /usr/lib/jvm/java-1.8.0-openjdk-1.8.0.181-3.b13.el7_5.x86_64/jre/lib/amd64/libzip.so
7f1570e6a000-7f1570e6b000 rw-p 00008000 ca:02 4220725                    /usr/lib/jvm/java-1.8.0-openjdk-1.8.0.181-3.b13.el7_5.x86_64/jre/lib/amd64/libzip.so
7f1570e6b000-7f1570e77000 r-xp 00000000 ca:02 50810                      /usr/lib64/libnss_files-2.17.so
7f1570e77000-7f1571076000 ---p 0000c000 ca:02 50810                      /usr/lib64/libnss_files-2.17.so
7f1571076000-7f1571077000 r--p 0000b000 ca:02 50810                      /usr/lib64/libnss_files-2.17.so
7f1571077000-7f1571078000 rw-p 0000c000 ca:02 50810                      /usr/lib64/libnss_files-2.17.so
7f1571078000-7f157107e000 rw-p 00000000 00:00 0 
7f157107e000-7f15710ac000 r-xp 00000000 ca:02 4220707                    /usr/lib/jvm/java-1.8.0-openjdk-1.8.0.181-3.b13.el7_5.x86_64/jre/lib/amd64/libjava.so
7f15710ac000-7f15712ab000 ---p 0002e000 ca:02 4220707                    /usr/lib/jvm/java-1.8.0-openjdk-1.8.0.181-3.b13.el7_5.x86_64/jre/lib/amd64/libjava.so
7f15712ab000-7f15712ac000 r--p 0002d000 ca:02 4220707                    /usr/lib/jvm/java-1.8.0-openjdk-1.8.0.181-3.b13.el7_5.x86_64/jre/lib/amd64/libjava.so
7f15712ac000-7f15712ae000 rw-p 0002e000 ca:02 4220707                    /usr/lib/jvm/java-1.8.0-openjdk-1.8.0.181-3.b13.el7_5.x86_64/jre/lib/amd64/libjava.so
7f15712ae000-7f15712bb000 r-xp 00000000 ca:02 4220724                    /usr/lib/jvm/java-1.8.0-openjdk-1.8.0.181-3.b13.el7_5.x86_64/jre/lib/amd64/libverify.so
7f15712bb000-7f15714ba000 ---p 0000d000 ca:02 4220724                    /usr/lib/jvm/java-1.8.0-openjdk-1.8.0.181-3.b13.el7_5.x86_64/jre/lib/amd64/libverify.so
7f15714ba000-7f15714bc000 r--p 0000c000 ca:02 4220724                    /usr/lib/jvm/java-1.8.0-openjdk-1.8.0.181-3.b13.el7_5.x86_64/jre/lib/amd64/libverify.so
7f15714bc000-7f15714bd000 rw-p 0000e000 ca:02 4220724                    /usr/lib/jvm/java-1.8.0-openjdk-1.8.0.181-3.b13.el7_5.x86_64/jre/lib/amd64/libverify.so
7f15714bd000-7f15714c4000 r-xp 00000000 ca:02 50822                      /usr/lib64/librt-2.17.so
7f15714c4000-7f15716c3000 ---p 00007000 ca:02 50822                      /usr/lib64/librt-2.17.so
7f15716c3000-7f15716c4000 r--p 00006000 ca:02 50822                      /usr/lib64/librt-2.17.so
7f15716c4000-7f15716c5000 rw-p 00007000 ca:02 50822                      /usr/lib64/librt-2.17.so
7f15716c5000-7f15716da000 r-xp 00000000 ca:02 113                        /usr/lib64/libgcc_s-4.8.5-20150702.so.1
7f15716da000-7f15718d9000 ---p 00015000 ca:02 113                        /usr/lib64/libgcc_s-4.8.5-20150702.so.1
7f15718d9000-7f15718da000 r--p 00014000 ca:02 113                        /usr/lib64/libgcc_s-4.8.5-20150702.so.1
7f15718da000-7f15718db000 rw-p 00015000 ca:02 113                        /usr/lib64/libgcc_s-4.8.5-20150702.so.1
7f15718db000-7f15719dc000 r-xp 00000000 ca:02 50800                      /usr/lib64/libm-2.17.so
7f15719dc000-7f1571bdb000 ---p 00101000 ca:02 50800                      /usr/lib64/libm-2.17.so
7f1571bdb000-7f1571bdc000 r--p 00100000 ca:02 50800                      /usr/lib64/libm-2.17.so
7f1571bdc000-7f1571bdd000 rw-p 00101000 ca:02 50800                      /usr/lib64/libm-2.17.so
7f1571bdd000-7f1571cc6000 r-xp 00000000 ca:02 51126                      /usr/lib64/libstdc++.so.6.0.19
7f1571cc6000-7f1571ec5000 ---p 000e9000 ca:02 51126                      /usr/lib64/libstdc++.so.6.0.19
7f1571ec5000-7f1571ecd000 r--p 000e8000 ca:02 51126                      /usr/lib64/libstdc++.so.6.0.19
7f1571ecd000-7f1571ecf000 rw-p 000f0000 ca:02 51126                      /usr/lib64/libstdc++.so.6.0.19
7f1571ecf000-7f1571ee4000 rw-p 00000000 00:00 0 
7f1571ee4000-7f1572bc9000 r-xp 00000000 ca:02 16803535                   /usr/lib/jvm/java-1.8.0-openjdk-1.8.0.181-3.b13.el7_5.x86_64/jre/lib/amd64/server/libjvm.so
7f1572bc9000-7f1572dc8000 ---p 00ce5000 ca:02 16803535                   /usr/lib/jvm/java-1.8.0-openjdk-1.8.0.181-3.b13.el7_5.x86_64/jre/lib/amd64/server/libjvm.so
7f1572dc8000-7f1572e76000 r--p 00ce4000 ca:02 16803535                   /usr/lib/jvm/java-1.8.0-openjdk-1.8.0.181-3.b13.el7_5.x86_64/jre/lib/amd64/server/libjvm.so
7f1572e76000-7f1572ea0000 rw-p 00d92000 ca:02 16803535                   /usr/lib/jvm/java-1.8.0-openjdk-1.8.0.181-3.b13.el7_5.x86_64/jre/lib/amd64/server/libjvm.so
7f1572ea0000-7f1572ed2000 rw-p 00000000 00:00 0 
7f1572ed2000-7f1573095000 r-xp 00000000 ca:02 50792                      /usr/lib64/libc-2.17.so
7f1573095000-7f1573294000 ---p 001c3000 ca:02 50792                      /usr/lib64/libc-2.17.so
7f1573294000-7f1573298000 r--p 001c2000 ca:02 50792                      /usr/lib64/libc-2.17.so
7f1573298000-7f157329a000 rw-p 001c6000 ca:02 50792                      /usr/lib64/libc-2.17.so
7f157329a000-7f157329f000 rw-p 00000000 00:00 0 
7f157329f000-7f15732a1000 r-xp 00000000 ca:02 50798                      /usr/lib64/libdl-2.17.so
7f15732a1000-7f15734a1000 ---p 00002000 ca:02 50798                      /usr/lib64/libdl-2.17.so
7f15734a1000-7f15734a2000 r--p 00002000 ca:02 50798                      /usr/lib64/libdl-2.17.so
7f15734a2000-7f15734a3000 rw-p 00003000 ca:02 50798                      /usr/lib64/libdl-2.17.so
7f15734a3000-7f15734b1000 r-xp 00000000 ca:02 12606518                   /usr/lib/jvm/java-1.8.0-openjdk-1.8.0.181-3.b13.el7_5.x86_64/jre/lib/amd64/jli/libjli.so
7f15734b1000-7f15736b0000 ---p 0000e000 ca:02 12606518                   /usr/lib/jvm/java-1.8.0-openjdk-1.8.0.181-3.b13.el7_5.x86_64/jre/lib/amd64/jli/libjli.so
7f15736b0000-7f15736b1000 r--p 0000d000 ca:02 12606518                   /usr/lib/jvm/java-1.8.0-openjdk-1.8.0.181-3.b13.el7_5.x86_64/jre/lib/amd64/jli/libjli.so
7f15736b1000-7f15736b2000 rw-p 0000e000 ca:02 12606518                   /usr/lib/jvm/java-1.8.0-openjdk-1.8.0.181-3.b13.el7_5.x86_64/jre/lib/amd64/jli/libjli.so
7f15736b2000-7f15736c7000 r-xp 00000000 ca:02 114517                     /usr/lib64/libz.so.1.2.7
7f15736c7000-7f15738c6000 ---p 00015000 ca:02 114517                     /usr/lib64/libz.so.1.2.7
7f15738c6000-7f15738c7000 r--p 00014000 ca:02 114517                     /usr/lib64/libz.so.1.2.7
7f15738c7000-7f15738c8000 rw-p 00015000 ca:02 114517                     /usr/lib64/libz.so.1.2.7
7f15738c8000-7f15738df000 r-xp 00000000 ca:02 50818                      /usr/lib64/libpthread-2.17.so
7f15738df000-7f1573ade000 ---p 00017000 ca:02 50818                      /usr/lib64/libpthread-2.17.so
7f1573ade000-7f1573adf000 r--p 00016000 ca:02 50818                      /usr/lib64/libpthread-2.17.so
7f1573adf000-7f1573ae0000 rw-p 00017000 ca:02 50818                      /usr/lib64/libpthread-2.17.so
7f1573ae0000-7f1573ae4000 rw-p 00000000 00:00 0 
7f1573ae4000-7f1573b06000 r-xp 00000000 ca:02 50785                      /usr/lib64/ld-2.17.so
7f1573baf000-7f1573bf0000 rw-p 00000000 00:00 0 
7f1573bf0000-7f1573bf8000 rw-s 00000000 ca:02 67211655                   /tmp/hsperfdata_root/11754
7f1573bf8000-7f1573bfc000 ---p 00000000 00:00 0 
7f1573bfc000-7f1573cfe000 rw-p 00000000 00:00 0 
7f1573cff000-7f1573d03000 rw-p 00000000 00:00 0 
7f1573d03000-7f1573d04000 r--p 00000000 00:00 0 
7f1573d04000-7f1573d05000 rw-p 00000000 00:00 0 
7f1573d05000-7f1573d06000 r--p 00021000 ca:02 50785                      /usr/lib64/ld-2.17.so
7f1573d06000-7f1573d07000 rw-p 00022000 ca:02 50785                      /usr/lib64/ld-2.17.so
7f1573d07000-7f1573d08000 rw-p 00000000 00:00 0 
7fff3df51000-7fff3df73000 rw-p 00000000 00:00 0                          [stack]
7fff3dff8000-7fff3dffa000 r-xp 00000000 00:00 0                          [vdso]
ffffffffff600000-ffffffffff601000 r-xp 00000000 00:00 0                  [vsyscall]

VM Arguments:
jvm_args: -Xms1g -Xmx1g -XX:+UseParNewGC -XX:+UseConcMarkSweepGC -XX:CMSInitiatingOccupancyFraction=75 -XX:+UseCMSInitiatingOccupancyOnly -Djava.awt.headless=true -Dfile.encoding=UTF-8 -Djruby.compile.invokedynamic=true -Djruby.jit.threshold=0 -XX:+HeapDumpOnOutOfMemoryError -Djava.security.egd=file:/dev/urandom 
java_command: org.logstash.Logstash status
java_class_path (initial): /usr/share/logstash/logstash-core/lib/jars/animal-sniffer-annotations-1.14.jar:/usr/share/logstash/logstash-core/lib/jars/commons-codec-1.11.jar:/usr/share/logstash/logstash-core/lib/jars/commons-compiler-3.0.8.jar:/usr/share/logstash/logstash-core/lib/jars/error_prone_annotations-2.0.18.jar:/usr/share/logstash/logstash-core/lib/jars/google-java-format-1.1.jar:/usr/share/logstash/logstash-core/lib/jars/gradle-license-report-0.7.1.jar:/usr/share/logstash/logstash-core/lib/jars/guava-22.0.jar:/usr/share/logstash/logstash-core/lib/jars/j2objc-annotations-1.1.jar:/usr/share/logstash/logstash-core/lib/jars/jackson-annotations-2.9.5.jar:/usr/share/logstash/logstash-core/lib/jars/jackson-core-2.9.5.jar:/usr/share/logstash/logstash-core/lib/jars/jackson-databind-2.9.5.jar:/usr/share/logstash/logstash-core/lib/jars/jackson-dataformat-cbor-2.9.5.jar:/usr/share/logstash/logstash-core/lib/jars/janino-3.0.8.jar:/usr/share/logstash/logstash-core/lib/jars/jruby-complete-9.1.13.0.jar:/usr/share/logstash/logstash-core/lib/jars/jsr305-1.3.9.jar:/usr/share/logstash/logstash-core/lib/jars/log4j-api-2.9.1.jar:/usr/share/logstash/logstash-core/lib/jars/log4j-core-2.9.1.jar:/usr/share/logstash/logstash-core/lib/jars/log4j-slf4j-impl-2.9.1.jar:/usr/share/logstash/logstash-core/lib/jars/logstash-core.jar:/usr/share/logstash/logstash-core/lib/jars/org.eclipse.core.commands-3.6.0.jar:/usr/share/logstash/logstash-core/lib/jars/org.eclipse.core.contenttype-3.4.100.jar:/usr/share/logstash/logstash-core/lib/jars/org.eclipse.core.expressions-3.4.300.jar:/usr/share/logstash/logstash-core/lib/jars/org.eclipse.core.filesystem-1.3.100.jar:/usr/share/logstash/logstash-core/lib/jars/org.eclipse.core.jobs-3.5.100.jar:/usr/share/logstash/logstash-core/lib/jars/org.eclipse.core.resources-3.7.100.jar:/usr/share/logstash/logstash-core/lib/jars/org.eclipse.core.runtime-3.7.0.jar:/usr/share/logstash/logstash-core/lib/jars/org.eclipse.equinox.app-1.3.100.jar:/usr/share/logstash/logs
Launcher Type: SUN_STANDARD

Environment Variables:
PATH=/sbin:/bin:/usr/sbin:/usr/bin
USERNAME=root
SHELL=/bin/bash

Signal Handlers:
SIGSEGV: [libjvm.so+0xacfe70], sa_mask[0]=11111111011111111101111111111110, sa_flags=SA_RESTART|SA_SIGINFO
SIGBUS: [libjvm.so+0xacfe70], sa_mask[0]=11111111011111111101111111111110, sa_flags=SA_RESTART|SA_SIGINFO
SIGFPE: [libjvm.so+0x8bd000], sa_mask[0]=11111111011111111101111111111110, sa_flags=SA_RESTART|SA_SIGINFO
SIGPIPE: [libjvm.so+0x8bd000], sa_mask[0]=11111111011111111101111111111110, sa_flags=SA_RESTART|SA_SIGINFO
SIGXFSZ: [libjvm.so+0x8bd000], sa_mask[0]=11111111011111111101111111111110, sa_flags=SA_RESTART|SA_SIGINFO
SIGILL: [libjvm.so+0x8bd000], sa_mask[0]=11111111011111111101111111111110, sa_flags=SA_RESTART|SA_SIGINFO
SIGUSR1: SIG_DFL, sa_mask[0]=00000000000000000000000000000000, sa_flags=none
SIGUSR2: [libjvm.so+0x8bceb0], sa_mask[0]=00000000000000000000000000000000, sa_flags=SA_RESTART|SA_SIGINFO
SIGHUP: SIG_DFL, sa_mask[0]=00000000000000000000000000000000, sa_flags=none
SIGINT: SIG_DFL, sa_mask[0]=00000000000000000000000000000000, sa_flags=none
SIGTERM: SIG_DFL, sa_mask[0]=00000000000000000000000000000000, sa_flags=none
SIGQUIT: SIG_DFL, sa_mask[0]=00000000000000000000000000000000, sa_flags=none


---------------  S Y S T E M  ---------------

OS:Red Hat Enterprise Linux Server release 7.5 (Maipo)

uname:Linux 3.10.0-862.el7.x86_64 #1 SMP Wed Mar 21 18:14:51 EDT 2018 x86_64
libc:glibc 2.17 NPTL 2.17 
rlimit: STACK 8192k, CORE 0k, NPROC 7175, NOFILE 4096, AS infinity
load average:0.02 0.43 0.71

/proc/meminfo:
MemTotal:        1881228 kB
MemFree:          300400 kB
MemAvailable:     855548 kB
Buffers:               0 kB
Cached:           653612 kB
SwapCached:            0 kB
Active:          1011176 kB
Inactive:         318316 kB
Active(anon):     676148 kB
Inactive(anon):    16644 kB
Active(file):     335028 kB
Inactive(file):   301672 kB
Unevictable:           0 kB
Mlocked:               0 kB
SwapTotal:             0 kB
SwapFree:              0 kB
Dirty:              1540 kB
Writeback:             0 kB
AnonPages:        675940 kB
Mapped:            41924 kB
Shmem:             16848 kB
Slab:             193428 kB
SReclaimable:      99212 kB
SUnreclaim:        94216 kB
KernelStack:        2528 kB
PageTables:         7336 kB
NFS_Unstable:          0 kB
Bounce:                0 kB
WritebackTmp:          0 kB
CommitLimit:      940612 kB
Committed_AS:    1053804 kB
VmallocTotal:   34359738367 kB
VmallocUsed:       14096 kB
VmallocChunk:   34359713532 kB
HardwareCorrupted:     0 kB
AnonHugePages:    315392 kB
CmaTotal:              0 kB
CmaFree:               0 kB
HugePages_Total:       0
HugePages_Free:        0
HugePages_Rsvd:        0
HugePages_Surp:        0
Hugepagesize:       2048 kB
DirectMap4k:       47104 kB
DirectMap2M:     2050048 kB


CPU:total 1 (initial active 1) (1 cores per cpu, 1 threads per core) family 6 model 63 stepping 2, cmov, cx8, fxsr, mmx, sse, sse2, sse3, ssse3, sse4.1, sse4.2, popcnt, avx, avx2, aes, clmul, erms, lzcnt, tsc, bmi1, bmi2

/proc/cpuinfo:
processor	: 0
vendor_id	: GenuineIntel
cpu family	: 6
model		: 63
model name	: Intel(R) Xeon(R) CPU E5-2676 v3 @ 2.40GHz
stepping	: 2
microcode	: 0x3c
cpu MHz		: 2399.963
cache size	: 30720 KB
physical id	: 0
siblings	: 1
core id		: 0
cpu cores	: 1
apicid		: 0
initial apicid	: 0
fpu		: yes
fpu_exception	: yes
cpuid level	: 13
wp		: yes
flags		: fpu vme de pse tsc msr pae mce cx8 apic sep mtrr pge mca cmov pat pse36 clflush mmx fxsr sse sse2 ht syscall nx rdtscp lm constant_tsc rep_good nopl xtopology eagerfpu pni pclmulqdq ssse3 fma cx16 pcid sse4_1 sse4_2 x2apic movbe popcnt tsc_deadline_timer aes xsave avx f16c rdrand hypervisor lahf_lm abm fsgsbase bmi1 avx2 smep bmi2 erms invpcid xsaveopt
bogomips	: 4800.09
clflush size	: 64
cache_alignment	: 64
address sizes	: 46 bits physical, 48 bits virtual
power management:



Memory: 4k page, physical 1881228k(300400k free), swap 0k(0k free)

vm_info: OpenJDK 64-Bit Server VM (25.181-b13) for linux-amd64 JRE (1.8.0_181-b13), built on Jul 16 2018 11:32:17 by "mockbuild" with gcc 4.8.5 20150623 (Red Hat 4.8.5-28)

time: Fri Sep 14 13:59:53 2018
elapsed time: 0 seconds (0d 0h 0m 0s)

